<?xml version="1.0" encoding="UTF-8"?>
<!-- Generated by org.testng.reporters.JUnitReportReporter -->
<testsuite hostname="QA01-Dell" name="test.NewTest" tests="1" failures="0" timestamp="8 Oct 2014 20:41:08 GMT" time="8.027" errors="0">
  <testcase name="test" time="8.027" classname="test.NewTest"/>
</testsuite> <!-- test.NewTest -->
